{"level":"INFO","time":"2024-12-17T22:21:13.444+0800","caller":"user/user.go:41","msg":"短信平台调用成功，发送短信"}
{"level":"INFO","time":"2024-12-17T23:16:27.151+0800","caller":"user/user.go:41","msg":"短信平台调用成功，发送短信"}
{"level":"INFO","time":"2024-12-17T23:35:25.554+0800","caller":"user/user.go:41","msg":"短信平台调用成功，发送短信"}
{"level":"INFO","time":"2024-12-18T23:42:14.755+0800","caller":"login.service.v1/login_service.go:40","msg":"短信平台调用成功，发送短信"}
{"level":"INFO","time":"2024-12-19T21:50:59.673+0800","caller":"login.service.v1/login_service.go:41","msg":"短信平台调用成功，发送短信"}
{"level":"INFO","time":"2024-12-20T22:40:13.437+0800","caller":"login.service.v1/login_service.go:42","msg":"短信平台调用成功，发送短信"}
{"level":"ERROR","time":"2024-12-20T23:12:17.297+0800","caller":"discovery/discovery.go:117","msg":"register failed","error":"context deadline exceeded"}
{"level":"INFO","time":"2024-12-22T13:02:08.012+0800","caller":"login.service.v1/login_service.go:42","msg":"短信平台调用成功，发送短信"}
{"level":"INFO","time":"2024-12-22T14:47:12.811+0800","caller":"login.service.v1/login_service.go:42","msg":"短信平台调用成功，发送短信"}
{"level":"ERROR","time":"2024-12-22T14:57:32.513+0800","caller":"discovery/resolver.go:104","msg":"sync failed","error":"context deadline exceeded"}
{"level":"ERROR","time":"2024-12-22T14:58:32.514+0800","caller":"discovery/resolver.go:104","msg":"sync failed","error":"context deadline exceeded"}
{"level":"ERROR","time":"2024-12-22T14:59:32.514+0800","caller":"discovery/resolver.go:104","msg":"sync failed","error":"context deadline exceeded"}
{"level":"ERROR","time":"2024-12-22T15:00:32.513+0800","caller":"discovery/resolver.go:104","msg":"sync failed","error":"context deadline exceeded"}
{"level":"ERROR","time":"2024-12-22T15:01:32.513+0800","caller":"discovery/resolver.go:104","msg":"sync failed","error":"context deadline exceeded"}
{"level":"INFO","time":"2024-12-24T00:01:57.094+0800","caller":"login.service.v1/login_service.go:52","msg":"短信平台调用成功，发送短信"}
{"level":"ERROR","time":"2024-12-24T04:00:38.663+0800","caller":"discovery/resolver.go:104","msg":"sync failed","error":"context deadline exceeded"}
{"level":"ERROR","time":"2024-12-24T04:01:45.636+0800","caller":"discovery/discovery.go:117","msg":"register failed","error":"context deadline exceeded"}
{"level":"ERROR","time":"2024-12-24T19:57:58.993+0800","caller":"discovery/discovery.go:117","msg":"register failed","error":"context deadline exceeded"}
{"level":"INFO","time":"2024-12-24T21:08:38.856+0800","caller":"login.service.v1/login_service.go:55","msg":"短信平台调用成功，发送短信"}
{"level":"INFO","time":"2024-12-24T21:09:12.150+0800","caller":"login.service.v1/login_service.go:55","msg":"短信平台调用成功，发送短信"}
{"level":"INFO","time":"2024-12-24T21:11:57.266+0800","caller":"login.service.v1/login_service.go:55","msg":"短信平台调用成功，发送短信"}
{"level":"ERROR","time":"2024-12-24T21:11:58.308+0800","caller":"login.service.v1/login_service.go:142","msg":"register SaveOrganization db err","error":"Error 1406 (22001): Data too long for column 'avatar' at row 1"}
{"level":"INFO","time":"2024-12-24T21:13:08.220+0800","caller":"login.service.v1/login_service.go:55","msg":"短信平台调用成功，发送短信"}
{"level":"INFO","time":"2024-12-24T22:53:46.499+0800","caller":"login.service.v1/login_service.go:56","msg":"短信平台调用成功，发送短信"}
{"level":"ERROR","time":"2024-12-27T23:22:43.471+0800","caller":"discovery/discovery.go:117","msg":"register failed","error":"context deadline exceeded"}
{"level":"ERROR","time":"2024-12-27T23:24:21.048+0800","caller":"discovery/discovery.go:117","msg":"register failed","error":"context deadline exceeded"}
{"level":"INFO","time":"2024-12-30T22:04:58.510+0800","caller":"login.service.v1/login_service.go:60","msg":"短信平台调用成功，发送短信"}
{"level":"ERROR","time":"2024-12-30T22:17:15.284+0800","caller":"discovery/discovery.go:117","msg":"register failed","error":"context deadline exceeded"}
{"level":"ERROR","time":"2024-12-30T22:17:44.192+0800","caller":"discovery/discovery.go:117","msg":"register failed","error":"etcdserver: requested lease not found"}
{"level":"INFO","time":"2024-12-30T22:19:52.301+0800","caller":"login.service.v1/login_service.go:60","msg":"短信平台调用成功，发送短信"}
{"level":"ERROR","time":"2025-01-08T23:41:52.224+0800","caller":"login.service.v1/login_service.go:222","msg":"Login TokenVerify error","error":"Token is expired"}
{"level":"ERROR","time":"2025-01-08T23:42:03.410+0800","caller":"login.service.v1/login_service.go:222","msg":"Login TokenVerify error","error":"Token is expired"}
{"level":"ERROR","time":"2025-01-08T23:42:03.410+0800","caller":"login.service.v1/login_service.go:222","msg":"Login TokenVerify error","error":"Token is expired"}
{"level":"ERROR","time":"2025-01-08T23:42:35.626+0800","caller":"login.service.v1/login_service.go:222","msg":"Login TokenVerify error","error":"Token is expired"}
{"level":"ERROR","time":"2025-01-08T23:52:46.799+0800","caller":"project.service.v1/project_service.go:209","msg":"project FindProjectDetail FindProjectByPIdAndMemId error","error":"context deadline exceeded"}
{"level":"ERROR","time":"2025-01-08T23:52:46.810+0800","caller":"discovery/discovery.go:117","msg":"register failed","error":"etcdserver: requested lease not found"}
{"level":"ERROR","time":"2025-01-11T02:23:35.996+0800","caller":"discovery/discovery.go:117","msg":"register failed","error":"context deadline exceeded"}
{"level":"ERROR","time":"2025-01-11T02:23:36.033+0800","caller":"discovery/discovery.go:117","msg":"register failed","error":"context deadline exceeded"}
{"level":"ERROR","time":"2025-01-11T03:00:06.698+0800","caller":"discovery/discovery.go:117","msg":"register failed","error":"context deadline exceeded"}
{"level":"ERROR","time":"2025-01-11T03:00:06.737+0800","caller":"discovery/discovery.go:117","msg":"register failed","error":"context deadline exceeded"}
{"level":"ERROR","time":"2025-01-11T11:03:49.926+0800","caller":"discovery/resolver.go:104","msg":"sync failed","error":"context deadline exceeded"}
{"level":"ERROR","time":"2025-01-11T11:03:49.927+0800","caller":"discovery/discovery.go:117","msg":"register failed","error":"context deadline exceeded"}
{"level":"ERROR","time":"2025-01-11T11:03:49.929+0800","caller":"discovery/resolver.go:104","msg":"sync failed","error":"context deadline exceeded"}
{"level":"ERROR","time":"2025-01-11T11:03:49.930+0800","caller":"discovery/resolver.go:104","msg":"sync failed","error":"context deadline exceeded"}
{"level":"ERROR","time":"2025-01-11T11:03:50.215+0800","caller":"discovery/discovery.go:117","msg":"register failed","error":"context deadline exceeded"}
{"level":"ERROR","time":"2025-01-11T15:43:01.893+0800","caller":"discovery/discovery.go:117","msg":"register failed","error":"context deadline exceeded"}
{"level":"ERROR","time":"2025-01-11T15:43:03.097+0800","caller":"discovery/discovery.go:117","msg":"register failed","error":"context deadline exceeded"}
{"level":"ERROR","time":"2025-01-11T15:43:04.894+0800","caller":"discovery/discovery.go:117","msg":"register failed","error":"context deadline exceeded"}
{"level":"ERROR","time":"2025-01-11T15:43:06.265+0800","caller":"discovery/discovery.go:117","msg":"register failed","error":"context deadline exceeded"}
{"level":"ERROR","time":"2025-01-11T15:43:07.895+0800","caller":"discovery/discovery.go:117","msg":"register failed","error":"context deadline exceeded"}
{"level":"ERROR","time":"2025-01-11T15:43:09.271+0800","caller":"discovery/discovery.go:117","msg":"register failed","error":"context deadline exceeded"}
{"level":"ERROR","time":"2025-01-11T15:43:10.896+0800","caller":"discovery/discovery.go:117","msg":"register failed","error":"context deadline exceeded"}
{"level":"ERROR","time":"2025-01-11T15:43:12.318+0800","caller":"discovery/discovery.go:117","msg":"register failed","error":"context deadline exceeded"}
{"level":"ERROR","time":"2025-01-11T15:43:13.897+0800","caller":"discovery/discovery.go:117","msg":"register failed","error":"context deadline exceeded"}
{"level":"ERROR","time":"2025-01-11T15:43:15.322+0800","caller":"discovery/discovery.go:117","msg":"register failed","error":"context deadline exceeded"}
{"level":"ERROR","time":"2025-01-11T15:43:16.897+0800","caller":"discovery/discovery.go:117","msg":"register failed","error":"context deadline exceeded"}
{"level":"ERROR","time":"2025-01-11T15:43:18.322+0800","caller":"discovery/discovery.go:117","msg":"register failed","error":"context deadline exceeded"}
{"level":"ERROR","time":"2025-01-12T13:27:17.487+0800","caller":"discovery/discovery.go:117","msg":"register failed","error":"rpc error: code = Unavailable desc = error reading from server: read tcp 127.0.0.1:4917->127.0.0.1:2379: wsarecv: A connection attempt failed because the connected party did not properly respond after a period of time, or established connection failed because connected host has failed to respond."}
{"level":"ERROR","time":"2025-01-12T13:27:17.490+0800","caller":"discovery/resolver.go:104","msg":"sync failed","error":"context deadline exceeded"}
{"level":"ERROR","time":"2025-01-12T13:27:17.492+0800","caller":"discovery/resolver.go:104","msg":"sync failed","error":"context deadline exceeded"}
{"level":"ERROR","time":"2025-01-12T13:27:17.477+0800","caller":"discovery/discovery.go:117","msg":"register failed","error":"rpc error: code = Unavailable desc = error reading from server: read tcp 127.0.0.1:4916->127.0.0.1:2379: wsarecv: A connection attempt failed because the connected party did not properly respond after a period of time, or established connection failed because connected host has failed to respond."}
{"level":"ERROR","time":"2025-01-13T21:13:59.526+0800","caller":"discovery/discovery.go:117","msg":"register failed","error":"context deadline exceeded"}
{"level":"ERROR","time":"2025-01-13T21:13:59.527+0800","caller":"discovery/discovery.go:117","msg":"register failed","error":"context deadline exceeded"}
{"level":"ERROR","time":"2025-01-13T21:14:02.531+0800","caller":"discovery/discovery.go:117","msg":"register failed","error":"context deadline exceeded"}
{"level":"ERROR","time":"2025-01-13T21:14:02.590+0800","caller":"discovery/discovery.go:117","msg":"register failed","error":"context deadline exceeded"}
{"level":"ERROR","time":"2025-01-13T21:14:05.535+0800","caller":"discovery/discovery.go:117","msg":"register failed","error":"context deadline exceeded"}
{"level":"ERROR","time":"2025-01-13T21:14:05.638+0800","caller":"discovery/discovery.go:117","msg":"register failed","error":"context deadline exceeded"}
{"level":"ERROR","time":"2025-01-13T21:14:08.542+0800","caller":"discovery/discovery.go:117","msg":"register failed","error":"context deadline exceeded"}
{"level":"ERROR","time":"2025-01-13T21:14:08.785+0800","caller":"discovery/discovery.go:117","msg":"register failed","error":"context deadline exceeded"}
{"level":"ERROR","time":"2025-01-13T21:14:11.568+0800","caller":"discovery/discovery.go:117","msg":"register failed","error":"context deadline exceeded"}
{"level":"ERROR","time":"2025-01-13T21:14:11.823+0800","caller":"discovery/discovery.go:117","msg":"register failed","error":"context deadline exceeded"}
{"level":"ERROR","time":"2025-01-13T21:14:14.569+0800","caller":"discovery/discovery.go:117","msg":"register failed","error":"context deadline exceeded"}
{"level":"ERROR","time":"2025-01-13T21:14:14.957+0800","caller":"discovery/discovery.go:117","msg":"register failed","error":"context deadline exceeded"}
{"level":"INFO","time":"2025-01-13T21:43:35.346+0800","caller":"interceptor/cache.go:49","msg":"/login.service.v1.LoginService/MyOrgList放入缓存"}
{"level":"INFO","time":"2025-01-13T21:43:58.027+0800","caller":"interceptor/cache.go:42","msg":"/login.service.v1.LoginService/MyOrgList走了缓存"}
{"level":"INFO","time":"2025-01-13T21:45:07.749+0800","caller":"interceptor/cache.go:49","msg":"/login.service.v1.LoginService/FindMemInfoById放入缓存"}
{"level":"INFO","time":"2025-01-13T21:45:16.091+0800","caller":"interceptor/cache.go:42","msg":"/login.service.v1.LoginService/FindMemInfoById走了缓存"}
{"level":"INFO","time":"2025-01-13T21:58:26.833+0800","caller":"interceptor/cache.go:49","msg":"/login.service.v1.LoginService/MyOrgList放入缓存"}
{"level":"INFO","time":"2025-01-13T21:58:26.854+0800","caller":"interceptor/cache.go:56","msg":"/project.service.v1.ProjectService/FindProjectByMemId放入缓存"}
{"level":"INFO","time":"2025-01-13T21:58:39.757+0800","caller":"interceptor/cache.go:42","msg":"/login.service.v1.LoginService/MyOrgList走了缓存"}
{"level":"INFO","time":"2025-01-13T21:58:39.761+0800","caller":"interceptor/cache.go:49","msg":"/project.service.v1.ProjectService/FindProjectByMemId走了缓存"}
{"level":"INFO","time":"2025-01-13T22:00:23.283+0800","caller":"interceptor/cache.go:49","msg":"/login.service.v1.LoginService/FindMemInfoById放入缓存"}
{"level":"INFO","time":"2025-01-13T22:00:23.285+0800","caller":"interceptor/cache.go:42","msg":"/login.service.v1.LoginService/FindMemInfoById走了缓存"}
{"level":"INFO","time":"2025-01-13T22:00:23.296+0800","caller":"interceptor/cache.go:56","msg":"/project.service.v1.ProjectService/FindProjectByMemId放入缓存"}
{"level":"ERROR","time":"2025-01-13T22:26:14.108+0800","caller":"discovery/discovery.go:117","msg":"register failed","error":"context deadline exceeded"}
{"level":"ERROR","time":"2025-01-13T22:26:14.112+0800","caller":"discovery/discovery.go:117","msg":"register failed","error":"context deadline exceeded"}
{"level":"ERROR","time":"2025-01-13T22:26:14.130+0800","caller":"discovery/resolver.go:104","msg":"sync failed","error":"context deadline exceeded"}
{"level":"ERROR","time":"2025-01-13T22:26:14.130+0800","caller":"discovery/resolver.go:104","msg":"sync failed","error":"context deadline exceeded"}
{"level":"INFO","time":"2025-01-14T00:03:43.300+0800","caller":"interceptor/cache.go:56","msg":"/project.service.v1.ProjectService/FindProjectByMemId放入缓存"}
{"level":"ERROR","time":"2025-01-14T00:04:13.334+0800","caller":"project.service.v1/project_service.go:173","msg":"project SaveProject taskStagesTemplateRepo.FindByProjectTemplatedId error","error":"sql: Scan called without calling Next"}
{"level":"INFO","time":"2025-01-14T00:19:10.456+0800","caller":"interceptor/cache.go:56","msg":"/login.service.v1.LoginService/MyOrgList放入缓存"}
{"level":"INFO","time":"2025-01-14T00:19:10.473+0800","caller":"interceptor/cache.go:56","msg":"/project.service.v1.ProjectService/FindProjectByMemId放入缓存"}
{"level":"INFO","time":"2025-01-14T00:19:20.140+0800","caller":"interceptor/cache.go:49","msg":"/project.service.v1.ProjectService/FindProjectByMemId走了缓存"}
{"level":"INFO","time":"2025-01-14T00:19:23.159+0800","caller":"interceptor/cache.go:56","msg":"/project.service.v1.ProjectService/FindProjectByMemId放入缓存"}
{"level":"INFO","time":"2025-01-14T00:19:24.118+0800","caller":"interceptor/cache.go:49","msg":"/project.service.v1.ProjectService/FindProjectByMemId走了缓存"}
{"level":"INFO","time":"2025-01-15T23:04:59.393+0800","caller":"interceptor/cache.go:56","msg":"/login.service.v1.LoginService/FindMemInfoById放入缓存"}
{"level":"INFO","time":"2025-01-15T23:04:59.399+0800","caller":"interceptor/cache.go:56","msg":"/login.service.v1.LoginService/FindMemInfoById放入缓存"}
{"level":"INFO","time":"2025-01-15T23:04:59.404+0800","caller":"interceptor/cache.go:56","msg":"/project.service.v1.ProjectService/FindProjectByMemId放入缓存"}
{"level":"INFO","time":"2025-01-15T23:05:17.856+0800","caller":"interceptor/cache.go:56","msg":"/project.service.v1.ProjectService/FindProjectByMemId放入缓存"}
{"level":"INFO","time":"2025-01-15T23:05:20.212+0800","caller":"interceptor/cache.go:49","msg":"/login.service.v1.LoginService/FindMemInfoById走了缓存"}
{"level":"INFO","time":"2025-01-15T23:05:20.217+0800","caller":"interceptor/cache.go:49","msg":"/project.service.v1.ProjectService/FindProjectByMemId走了缓存"}
{"level":"INFO","time":"2025-01-15T23:05:20.222+0800","caller":"interceptor/cache.go:49","msg":"/login.service.v1.LoginService/FindMemInfoById走了缓存"}
{"level":"INFO","time":"2025-01-15T23:05:27.066+0800","caller":"interceptor/cache.go:56","msg":"/project.service.v1.ProjectService/FindProjectByMemId放入缓存"}
{"level":"INFO","time":"2025-01-15T23:05:29.334+0800","caller":"interceptor/cache.go:49","msg":"/project.service.v1.ProjectService/FindProjectByMemId走了缓存"}
{"level":"INFO","time":"2025-01-15T23:05:37.317+0800","caller":"interceptor/cache.go:49","msg":"/login.service.v1.LoginService/FindMemInfoById走了缓存"}
{"level":"INFO","time":"2025-01-15T23:05:37.323+0800","caller":"interceptor/cache.go:49","msg":"/project.service.v1.ProjectService/FindProjectByMemId走了缓存"}
{"level":"INFO","time":"2025-01-15T23:05:37.326+0800","caller":"interceptor/cache.go:49","msg":"/login.service.v1.LoginService/FindMemInfoById走了缓存"}
{"level":"INFO","time":"2025-01-16T00:26:16.334+0800","caller":"interceptor/cache.go:56","msg":"/login.service.v1.LoginService/MyOrgList放入缓存"}
{"level":"INFO","time":"2025-01-16T00:26:16.343+0800","caller":"interceptor/cache.go:56","msg":"/login.service.v1.LoginService/FindMemInfoById放入缓存"}
{"level":"INFO","time":"2025-01-16T00:26:16.368+0800","caller":"interceptor/cache.go:56","msg":"/login.service.v1.LoginService/FindMemInfoById放入缓存"}
{"level":"INFO","time":"2025-01-16T00:27:23.926+0800","caller":"interceptor/cache.go:49","msg":"/login.service.v1.LoginService/MyOrgList走了缓存"}
{"level":"INFO","time":"2025-01-16T00:27:23.956+0800","caller":"interceptor/cache.go:56","msg":"/project.service.v1.ProjectService/FindProjectByMemId放入缓存"}
{"level":"INFO","time":"2025-01-16T00:27:28.662+0800","caller":"interceptor/cache.go:49","msg":"/login.service.v1.LoginService/FindMemInfoById走了缓存"}
{"level":"INFO","time":"2025-01-16T00:32:22.071+0800","caller":"interceptor/cache.go:56","msg":"/login.service.v1.LoginService/MyOrgList放入缓存"}
{"level":"INFO","time":"2025-01-16T00:32:22.083+0800","caller":"interceptor/cache.go:56","msg":"/login.service.v1.LoginService/FindMemInfoById放入缓存"}
{"level":"INFO","time":"2025-01-16T00:32:22.088+0800","caller":"interceptor/cache.go:56","msg":"/login.service.v1.LoginService/FindMemInfoById放入缓存"}
{"level":"INFO","time":"2025-01-16T00:35:14.281+0800","caller":"interceptor/cache.go:49","msg":"/login.service.v1.LoginService/MyOrgList走了缓存"}
{"level":"ERROR","time":"2025-01-16T00:35:40.708+0800","caller":"task.service.v1/task_service.go:86","msg":"project task MemberProjectList FindProjectMemberByPid error","error":"context deadline exceeded"}
{"level":"ERROR","time":"2025-01-16T00:35:40.715+0800","caller":"project.service.v1/project_service.go:255","msg":"project FindProjectDetail FindProjectByPIdAndMemId error","error":"context deadline exceeded"}
{"level":"ERROR","time":"2025-01-16T00:35:40.708+0800","caller":"project.service.v1/project_service.go:255","msg":"project FindProjectDetail FindProjectByPIdAndMemId error","error":"context deadline exceeded"}
{"level":"ERROR","time":"2025-01-16T00:35:40.712+0800","caller":"discovery/resolver.go:104","msg":"sync failed","error":"context deadline exceeded"}
{"level":"ERROR","time":"2025-01-16T00:35:40.714+0800","caller":"task.service.v1/task_service.go:54","msg":"project task TaskStages FindByProjectCode error","error":"context deadline exceeded"}
{"level":"ERROR","time":"2025-01-16T00:35:40.714+0800","caller":"discovery/discovery.go:117","msg":"register failed","error":"context deadline exceeded"}
{"level":"ERROR","time":"2025-01-16T00:38:44.071+0800","caller":"project.service.v1/project_service.go:86","msg":"project FindProjectByMemId FindCollectProjectByMemId error","error":"context canceled"}
{"level":"INFO","time":"2025-01-16T00:38:44.073+0800","caller":"interceptor/cache.go:56","msg":"/project.service.v1.ProjectService/FindProjectByMemId放入缓存"}
