{"level":"ERROR","time":"2024-12-20T23:12:17.297+0800","caller":"discovery/discovery.go:117","msg":"register failed","error":"context deadline exceeded"}
{"level":"ERROR","time":"2024-12-22T14:57:32.513+0800","caller":"discovery/resolver.go:104","msg":"sync failed","error":"context deadline exceeded"}
{"level":"ERROR","time":"2024-12-22T14:58:32.514+0800","caller":"discovery/resolver.go:104","msg":"sync failed","error":"context deadline exceeded"}
{"level":"ERROR","time":"2024-12-22T14:59:32.514+0800","caller":"discovery/resolver.go:104","msg":"sync failed","error":"context deadline exceeded"}
{"level":"ERROR","time":"2024-12-22T15:00:32.513+0800","caller":"discovery/resolver.go:104","msg":"sync failed","error":"context deadline exceeded"}
{"level":"ERROR","time":"2024-12-22T15:01:32.513+0800","caller":"discovery/resolver.go:104","msg":"sync failed","error":"context deadline exceeded"}
{"level":"ERROR","time":"2024-12-24T04:00:38.663+0800","caller":"discovery/resolver.go:104","msg":"sync failed","error":"context deadline exceeded"}
{"level":"ERROR","time":"2024-12-24T04:01:45.636+0800","caller":"discovery/discovery.go:117","msg":"register failed","error":"context deadline exceeded"}
{"level":"ERROR","time":"2024-12-24T19:57:58.993+0800","caller":"discovery/discovery.go:117","msg":"register failed","error":"context deadline exceeded"}
{"level":"ERROR","time":"2024-12-24T21:11:58.308+0800","caller":"login.service.v1/login_service.go:142","msg":"register SaveOrganization db err","error":"Error 1406 (22001): Data too long for column 'avatar' at row 1"}
{"level":"ERROR","time":"2024-12-27T23:22:43.471+0800","caller":"discovery/discovery.go:117","msg":"register failed","error":"context deadline exceeded"}
{"level":"ERROR","time":"2024-12-27T23:24:21.048+0800","caller":"discovery/discovery.go:117","msg":"register failed","error":"context deadline exceeded"}
{"level":"ERROR","time":"2024-12-30T22:17:15.284+0800","caller":"discovery/discovery.go:117","msg":"register failed","error":"context deadline exceeded"}
{"level":"ERROR","time":"2024-12-30T22:17:44.192+0800","caller":"discovery/discovery.go:117","msg":"register failed","error":"etcdserver: requested lease not found"}
{"level":"ERROR","time":"2025-01-08T23:41:52.224+0800","caller":"login.service.v1/login_service.go:222","msg":"Login TokenVerify error","error":"Token is expired"}
{"level":"ERROR","time":"2025-01-08T23:42:03.410+0800","caller":"login.service.v1/login_service.go:222","msg":"Login TokenVerify error","error":"Token is expired"}
{"level":"ERROR","time":"2025-01-08T23:42:03.410+0800","caller":"login.service.v1/login_service.go:222","msg":"Login TokenVerify error","error":"Token is expired"}
{"level":"ERROR","time":"2025-01-08T23:42:35.626+0800","caller":"login.service.v1/login_service.go:222","msg":"Login TokenVerify error","error":"Token is expired"}
{"level":"ERROR","time":"2025-01-08T23:52:46.799+0800","caller":"project.service.v1/project_service.go:209","msg":"project FindProjectDetail FindProjectByPIdAndMemId error","error":"context deadline exceeded"}
{"level":"ERROR","time":"2025-01-08T23:52:46.810+0800","caller":"discovery/discovery.go:117","msg":"register failed","error":"etcdserver: requested lease not found"}
